0 silly input [ 'publish' ]
1 silly flags { _: [ 'publish' ], 'reject-cycles': false, rejectCycles: false }
2 verbose rootPath /home/sammysaglam/work/axe-framework
3 info version 2.8.0
4 silly isInitialized
5 silly isInitialized true
6 silly existsSync /home/sammysaglam/work/axe-framework/VERSION
7 info versioning independent
8 silly initialize attempt
9 silly isDetachedHead
10 silly getCurrentBranch
11 verbose getCurrentBranch master
12 verbose isDetachedHead false
13 silly getCurrentBranch
14 verbose getCurrentBranch master
15 silly getUpdates
16 info Checking for updated packages...
17 silly hasTags
18 verbose hasTags true
19 silly getLastTag
20 verbose getLastTag 1.0.1
21 info Comparing with 1.0.1.
22 silly diffSinceIn 1.0.1 docs
23 silly diff docs/.babelrc
23 silly diff docs/.eslintrc.js
23 silly diff docs/.gitignore
23 silly diff docs/README.md
23 silly diff docs/package.json
23 silly diff docs/src/components/App.js
23 silly diff docs/src/components/App.scss
23 silly diff docs/src/components/App.test.js
23 silly diff docs/src/entry.js
23 silly diff docs/src/entry.scss
23 silly diff docs/src/index.html
23 silly diff docs/tests-config/polyfills.js
23 silly diff docs/tests-config/setup.js
23 silly diff docs/webpack.config.js
24 silly diffSinceIn 1.0.1 modules/Website/modules/Documentation/modules/MarkdownLoader
25 silly diff
26 verbose updated axe-framework-docs
27 info Checking for prereleased packages...
28 silly collectDependents
29 silly isPackageDependentOf axe-framework-docs axe-framework-docs
30 silly isPackageDependentOf markdown-to-react-component-loader axe-framework-docs
31 silly isPackageDependentOf markdown-to-react-component-loader axe-framework-docs
32 silly collectUpdates
33 verbose has filtered update axe-framework-docs
34 silly initialize success
35 silly execute attempt
36 silly runScriptSync preversion axe-framework
37 silly runScriptSync preversion axe-framework-docs
38 silly runScriptSync version axe-framework-docs
39 silly runScriptSync version axe-framework
40 silly addFile /home/sammysaglam/work/axe-framework/docs/package.json
41 silly commit Publish
41 silly commit
41 silly commit  - axe-framework-docs@0.1.1
42 verbose commit [ 'commit',
42 verbose commit   '--no-verify',
42 verbose commit   '-F',
42 verbose commit   '/tmp/525d4f60-d93b-4bad-b692-597333288e5b/lerna-commit.txt' ]
43 silly addTag axe-framework-docs@0.1.1
44 silly runScriptSync postversion axe-framework-docs
45 silly runScriptSync postversion axe-framework
46 info publish Publishing packages to npm...
47 silly existsSync /home/sammysaglam/work/axe-framework/docs/scripts/prepublish.js
48 verbose execScript No prepublish script found at /home/sammysaglam/work/axe-framework/docs/scripts/prepublish.js
49 info git Pushing tags...
50 silly pushWithTags [ 'origin', [ 'axe-framework-docs@0.1.1' ] ]
51 silly getCurrentBranch
52 verbose getCurrentBranch master
53 error execute caught error
54 error Error
54 error     at Function.module.exports.sync (/usr/lib/node_modules/lerna/node_modules/execa/index.js:303:26)
54 error     at Function.execSync (/usr/lib/node_modules/lerna/lib/ChildProcessUtilities.js:59:30)
54 error     at Function.pushWithTags (/usr/lib/node_modules/lerna/lib/GitUtilities.js:155:39)
54 error     at /usr/lib/node_modules/lerna/lib/commands/PublishCommand.js:367:36
54 error     at PublishCommand.npmUpdateAsLatest (/usr/lib/node_modules/lerna/lib/commands/PublishCommand.js:857:16)
54 error     at /usr/lib/node_modules/lerna/lib/commands/PublishCommand.js:359:16
54 error     at /usr/lib/node_modules/lerna/lib/commands/PublishCommand.js:848:9
54 error     at /usr/lib/node_modules/lerna/node_modules/async/lib/async.js:726:13
54 error     at /usr/lib/node_modules/lerna/node_modules/async/lib/async.js:52:16
